app/manifest-merger-release-report.txt
-- Merging decision tree log ---
manifest
ADDED from AndroidManifest.xml:2:1
	package
		ADDED from AndroidManifest.xml:3:5
		INJECTED from AndroidManifest.xml:0:0
		INJECTED from AndroidManifest.xml:0:0
	android:versionName
		INJECTED from AndroidManifest.xml:0:0
		INJECTED from AndroidManifest.xml:0:0
	xmlns:android
		ADDED from AndroidManifest.xml:2:11
	android:versionCode
		INJECTED from AndroidManifest.xml:0:0
		INJECTED from AndroidManifest.xml:0:0
uses-permission#android.permission.INTERNET
ADDED from AndroidManifest.xml:5:5
MERGED from com.google.android.gms:play-services-ads:8.3.0:20:5
MERGED from com.google.android.gms:play-services-analytics:8.3.0:21:5
MERGED from com.google.android.gms:play-services-appinvite:8.3.0:19:5
MERGED from com.google.android.gms:play-services-maps:8.3.0:21:5
MERGED from com.google.android.gms:play-services-gcm:8.3.0:22:5
MERGED from com.google.android.gms:play-services-measurement:8.3.0:21:5
MERGED from com.google.android.gms:play-services-maps:8.3.0:21:5
MERGED from com.google.android.gms:play-services-maps:8.3.0:21:5
MERGED from com.google.android.gms:play-services-measurement:8.3.0:21:5
MERGED from com.google.android.gms:play-services-wallet:8.3.0:20:5
MERGED from com.google.android.gms:play-services-maps:8.3.0:21:5
MERGED from com.google.android.gms:play-services-gcm:8.3.0:22:5
MERGED from com.google.android.gms:play-services-measurement:8.3.0:21:5
MERGED from com.google.android.gms:play-services-maps:8.3.0:21:5
	android:name
		ADDED from AndroidManifest.xml:5:22
uses-permission#android.permission.GET_ACCOUNTS
ADDED from AndroidManifest.xml:8:5
MERGED from com.google.android.gms:play-services-wallet:8.3.0:21:5
	android:name
		ADDED from AndroidManifest.xml:8:22
uses-permission#android.permission.WAKE_LOCK
ADDED from AndroidManifest.xml:11:5
MERGED from com.google.android.gms:play-services-measurement:8.3.0:24:5
MERGED from com.google.android.gms:play-services-measurement:8.3.0:24:5
MERGED from com.google.android.gms:play-services-measurement:8.3.0:24:5
	android:name
		ADDED from AndroidManifest.xml:11:22
uses-permission#com.android.vending.BILLING
ADDED from AndroidManifest.xml:12:5
	android:name
		ADDED from AndroidManifest.xml:12:22
uses-permission#android.permission.ACCESS_NETWORK_STATE
ADDED from AndroidManifest.xml:18:5
MERGED from com.google.android.gms:play-services-ads:8.3.0:21:5
MERGED from com.google.android.gms:play-services-analytics:8.3.0:22:5
MERGED from com.google.android.gms:play-services-maps:8.3.0:20:5
MERGED from com.google.android.gms:play-services-measurement:8.3.0:22:5
MERGED from com.google.android.gms:play-services-maps:8.3.0:20:5
MERGED from com.google.android.gms:play-services-maps:8.3.0:20:5
MERGED from com.google.android.gms:play-services-measurement:8.3.0:22:5
MERGED from com.google.android.gms:play-services-nearby:8.3.0:19:5
MERGED from com.google.android.gms:play-services-maps:8.3.0:20:5
MERGED from com.google.android.gms:play-services-measurement:8.3.0:22:5
MERGED from com.google.android.gms:play-services-maps:8.3.0:20:5
	android:name
		ADDED from AndroidManifest.xml:18:22
uses-permission#android.permission.VIBRATE
ADDED from AndroidManifest.xml:21:5
	android:name
		ADDED from AndroidManifest.xml:21:22
uses-permission#android.permission.ACCESS_WIFI_STATE
ADDED from AndroidManifest.xml:22:5
	android:name
		ADDED from AndroidManifest.xml:22:22
uses-permission#android.permission.WRITE_EXTERNAL_STORAGE
ADDED from AndroidManifest.xml:23:5
	android:name
		ADDED from AndroidManifest.xml:23:22
uses-permission#android.permission.READ_EXTERNAL_STORAGE
ADDED from AndroidManifest.xml:24:5
	android:name
		ADDED from AndroidManifest.xml:24:22
uses-permission#android.permission.READ_PHONE_STATE
ADDED from AndroidManifest.xml:25:5
	android:name
		ADDED from AndroidManifest.xml:25:22
application
ADDED from AndroidManifest.xml:27:5
MERGED from com.android.support:appcompat-v7:23.1.0:22:5
MERGED from com.android.support:support-v4:23.1.0:22:5
MERGED from com.google.android.gms:play-services:8.3.0:19:5
MERGED from com.google.android.gms:play-services-ads:8.3.0:24:5
MERGED from com.google.android.gms:play-services-basement:8.3.0:20:5
MERGED from com.android.support:support-v4:23.1.0:22:5
MERGED from com.google.android.gms:play-services-analytics:8.3.0:24:5
MERGED from com.google.android.gms:play-services-basement:8.3.0:20:5
MERGED from com.android.support:support-v4:23.1.0:22:5
MERGED from com.google.android.gms:play-services-appindexing:8.3.0:19:5
MERGED from com.google.android.gms:play-services-basement:8.3.0:20:5
MERGED from com.android.support:support-v4:23.1.0:22:5
MERGED from com.google.android.gms:play-services-appinvite:8.3.0:20:5
MERGED from com.google.android.gms:play-services-basement:8.3.0:20:5
MERGED from com.android.support:support-v4:23.1.0:22:5
MERGED from com.google.android.gms:play-services-appstate:8.3.0:19:5
MERGED from com.google.android.gms:play-services-basement:8.3.0:20:5
MERGED from com.android.support:support-v4:23.1.0:22:5
MERGED from com.google.android.gms:play-services-auth:8.3.0:20:5
MERGED from com.google.android.gms:play-services-basement:8.3.0:20:5
MERGED from com.android.support:support-v4:23.1.0:22:5
MERGED from com.google.android.gms:play-services-basement:8.3.0:20:5
MERGED from com.android.support:support-v4:23.1.0:22:5
MERGED from com.google.android.gms:play-services-basement:8.3.0:20:5
MERGED from com.android.support:support-v4:23.1.0:22:5
MERGED from com.google.android.gms:play-services-cast:8.3.0:19:5
MERGED from com.google.android.gms:play-services-basement:8.3.0:20:5
MERGED from com.android.support:support-v4:23.1.0:22:5
MERGED from com.android.support:mediarouter-v7:22.2.0:22:5
MERGED from com.android.support:appcompat-v7:23.1.0:22:5
MERGED from com.android.support:support-v4:23.1.0:22:5
MERGED from com.google.android.gms:play-services-drive:8.3.0:19:5
MERGED from com.google.android.gms:play-services-basement:8.3.0:20:5
MERGED from com.android.support:support-v4:23.1.0:22:5
MERGED from com.google.android.gms:play-services-fitness:8.3.0:19:5
MERGED from com.google.android.gms:play-services-basement:8.3.0:20:5
MERGED from com.android.support:support-v4:23.1.0:22:5
MERGED from com.google.android.gms:play-services-location:8.3.0:19:5
MERGED from com.google.android.gms:play-services-basement:8.3.0:20:5
MERGED from com.android.support:support-v4:23.1.0:22:5
MERGED from com.google.android.gms:play-services-maps:8.3.0:27:5
MERGED from com.google.android.gms:play-services-basement:8.3.0:20:5
MERGED from com.android.support:support-v4:23.1.0:22:5
MERGED from com.google.android.gms:play-services-games:8.3.0:19:5
MERGED from com.google.android.gms:play-services-basement:8.3.0:20:5
MERGED from com.android.support:support-v4:23.1.0:22:5
MERGED from com.google.android.gms:play-services-drive:8.3.0:19:5
MERGED from com.google.android.gms:play-services-basement:8.3.0:20:5
MERGED from com.android.support:support-v4:23.1.0:22:5
MERGED from com.google.android.gms:play-services-gcm:8.3.0:24:5
MERGED from com.google.android.gms:play-services-basement:8.3.0:20:5
MERGED from com.android.support:support-v4:23.1.0:22:5
MERGED from com.google.android.gms:play-services-measurement:8.3.0:26:5
MERGED from com.google.android.gms:play-services-basement:8.3.0:20:5
MERGED from com.android.support:support-v4:23.1.0:22:5
MERGED from com.google.android.gms:play-services-identity:8.3.0:19:5
MERGED from com.google.android.gms:play-services-basement:8.3.0:20:5
MERGED from com.android.support:support-v4:23.1.0:22:5
MERGED from com.google.android.gms:play-services-location:8.3.0:19:5
MERGED from com.google.android.gms:play-services-basement:8.3.0:20:5
MERGED from com.android.support:support-v4:23.1.0:22:5
MERGED from com.google.android.gms:play-services-maps:8.3.0:27:5
MERGED from com.google.android.gms:play-services-basement:8.3.0:20:5
MERGED from com.android.support:support-v4:23.1.0:22:5
MERGED from com.google.android.gms:play-services-maps:8.3.0:27:5
MERGED from com.google.android.gms:play-services-basement:8.3.0:20:5
MERGED from com.android.support:support-v4:23.1.0:22:5
MERGED from com.google.android.gms:play-services-measurement:8.3.0:26:5
MERGED from com.google.android.gms:play-services-basement:8.3.0:20:5
MERGED from com.android.support:support-v4:23.1.0:22:5
MERGED from com.google.android.gms:play-services-nearby:8.3.0:20:5
MERGED from com.google.android.gms:play-services-basement:8.3.0:20:5
MERGED from com.android.support:support-v4:23.1.0:22:5
MERGED from com.google.android.gms:play-services-panorama:8.3.0:19:5
MERGED from com.google.android.gms:play-services-basement:8.3.0:20:5
MERGED from com.android.support:support-v4:23.1.0:22:5
MERGED from com.google.android.gms:play-services-plus:8.3.0:19:5
MERGED from com.google.android.gms:play-services-basement:8.3.0:20:5
MERGED from com.android.support:support-v4:23.1.0:22:5
MERGED from com.google.android.gms:play-services-safetynet:8.3.0:19:5
MERGED from com.google.android.gms:play-services-basement:8.3.0:20:5
MERGED from com.android.support:support-v4:23.1.0:22:5
MERGED from com.google.android.gms:play-services-vision:8.3.0:5:5
MERGED from com.google.android.gms:play-services-basement:8.3.0:20:5
MERGED from com.android.support:support-v4:23.1.0:22:5
MERGED from com.google.android.gms:play-services-basement:8.3.0:20:5
MERGED from com.android.support:support-v4:23.1.0:22:5
MERGED from com.google.android.gms:play-services-identity:8.3.0:19:5
MERGED from com.google.android.gms:play-services-basement:8.3.0:20:5
MERGED from com.android.support:support-v4:23.1.0:22:5
MERGED from com.google.android.gms:play-services-maps:8.3.0:27:5
MERGED from com.google.android.gms:play-services-basement:8.3.0:20:5
MERGED from com.android.support:support-v4:23.1.0:22:5
MERGED from com.google.android.gms:play-services-wearable:8.3.0:19:5
MERGED from com.google.android.gms:play-services-basement:8.3.0:20:5
MERGED from com.android.support:support-v4:23.1.0:22:5
MERGED from com.google.android.gms:play-services-gcm:8.3.0:24:5
MERGED from com.google.android.gms:play-services-basement:8.3.0:20:5
MERGED from com.android.support:support-v4:23.1.0:22:5
MERGED from com.google.android.gms:play-services-measurement:8.3.0:26:5
MERGED from com.google.android.gms:play-services-basement:8.3.0:20:5
MERGED from com.android.support:support-v4:23.1.0:22:5
MERGED from com.google.android.gms:play-services-location:8.3.0:19:5
MERGED from com.google.android.gms:play-services-basement:8.3.0:20:5
MERGED from com.android.support:support-v4:23.1.0:22:5
MERGED from com.google.android.gms:play-services-maps:8.3.0:27:5
MERGED from com.google.android.gms:play-services-basement:8.3.0:20:5
MERGED from com.android.support:support-v4:23.1.0:22:5
MERGED from BDTube:pullToRefreshLibrary:unspecified:11:5
MERGED from com.mcxiaoke.volley:library-aar:1.0.0:5:5
	android:label
		ADDED from AndroidManifest.xml:31:9
	android:allowBackup
		ADDED from AndroidManifest.xml:29:9
	android:icon
		ADDED from AndroidManifest.xml:30:9
	android:theme
		ADDED from AndroidManifest.xml:32:9
	android:name
		ADDED from AndroidManifest.xml:28:9
activity#bdtube.vumobile.com.bdtube.SplashActivity
ADDED from AndroidManifest.xml:33:9
	android:screenOrientation
		ADDED from AndroidManifest.xml:37:13
	android:launchMode
		ADDED from AndroidManifest.xml:36:13
	android:configChanges
		ADDED from AndroidManifest.xml:35:13
	android:name
		ADDED from AndroidManifest.xml:34:13
intent-filter#android.intent.action.MAIN+android.intent.category.LAUNCHER
ADDED from AndroidManifest.xml:38:13
action#android.intent.action.MAIN
ADDED from AndroidManifest.xml:39:17
	android:name
		ADDED from AndroidManifest.xml:39:25
category#android.intent.category.LAUNCHER
ADDED from AndroidManifest.xml:41:17
	android:name
		ADDED from AndroidManifest.xml:41:27
activity#bdtube.vumobile.com.bdtube.MainActivity
ADDED from AndroidManifest.xml:44:9
	android:screenOrientation
		ADDED from AndroidManifest.xml:46:13
	android:name
		ADDED from AndroidManifest.xml:45:13
activity#bdtube.vumobile.com.bdtube.VideoViewActivity
ADDED from AndroidManifest.xml:49:9
	android:configChanges
		ADDED from AndroidManifest.xml:50:13
	android:name
		ADDED from AndroidManifest.xml:49:19
uses-sdk
INJECTED from AndroidManifest.xml:0:0 reason: use-sdk injection requested
MERGED from com.android.support:appcompat-v7:23.1.0:20:5
MERGED from com.android.support:support-v4:23.1.0:20:5
MERGED from com.google.android.gms:play-services:8.3.0:18:5
MERGED from com.google.android.gms:play-services-ads:8.3.0:23:5
MERGED from com.google.android.gms:play-services-basement:8.3.0:18:5
MERGED from com.android.support:support-v4:23.1.0:20:5
MERGED from com.google.android.gms:play-services-analytics:8.3.0:18:5
MERGED from com.google.android.gms:play-services-basement:8.3.0:18:5
MERGED from com.android.support:support-v4:23.1.0:20:5
MERGED from com.google.android.gms:play-services-appindexing:8.3.0:18:5
MERGED from com.google.android.gms:play-services-basement:8.3.0:18:5
MERGED from com.android.support:support-v4:23.1.0:20:5
MERGED from com.google.android.gms:play-services-appinvite:8.3.0:18:5
MERGED from com.google.android.gms:play-services-base:8.3.0:18:5
MERGED from com.google.android.gms:play-services-basement:8.3.0:18:5
MERGED from com.android.support:support-v4:23.1.0:20:5
MERGED from com.google.android.gms:play-services-appstate:8.3.0:18:5
MERGED from com.google.android.gms:play-services-base:8.3.0:18:5
MERGED from com.google.android.gms:play-services-basement:8.3.0:18:5
MERGED from com.android.support:support-v4:23.1.0:20:5
MERGED from com.google.android.gms:play-services-auth:8.3.0:18:5
MERGED from com.google.android.gms:play-services-base:8.3.0:18:5
MERGED from com.google.android.gms:play-services-basement:8.3.0:18:5
MERGED from com.android.support:support-v4:23.1.0:20:5
MERGED from com.google.android.gms:play-services-base:8.3.0:18:5
MERGED from com.google.android.gms:play-services-basement:8.3.0:18:5
MERGED from com.android.support:support-v4:23.1.0:20:5
MERGED from com.google.android.gms:play-services-basement:8.3.0:18:5
MERGED from com.android.support:support-v4:23.1.0:20:5
MERGED from com.google.android.gms:play-services-cast:8.3.0:18:5
MERGED from com.google.android.gms:play-services-base:8.3.0:18:5
MERGED from com.google.android.gms:play-services-basement:8.3.0:18:5
MERGED from com.android.support:support-v4:23.1.0:20:5
MERGED from com.android.support:mediarouter-v7:22.2.0:20:5
MERGED from com.android.support:appcompat-v7:23.1.0:20:5
MERGED from com.android.support:support-v4:23.1.0:20:5
MERGED from com.google.android.gms:play-services-drive:8.3.0:18:5
MERGED from com.google.android.gms:play-services-base:8.3.0:18:5
MERGED from com.google.android.gms:play-services-basement:8.3.0:18:5
MERGED from com.android.support:support-v4:23.1.0:20:5
MERGED from com.google.android.gms:play-services-fitness:8.3.0:18:5
MERGED from com.google.android.gms:play-services-base:8.3.0:18:5
MERGED from com.google.android.gms:play-services-basement:8.3.0:18:5
MERGED from com.android.support:support-v4:23.1.0:20:5
MERGED from com.google.android.gms:play-services-location:8.3.0:18:5
MERGED from com.google.android.gms:play-services-base:8.3.0:18:5
MERGED from com.google.android.gms:play-services-basement:8.3.0:18:5
MERGED from com.android.support:support-v4:23.1.0:20:5
MERGED from com.google.android.gms:play-services-maps:8.3.0:26:5
MERGED from com.google.android.gms:play-services-base:8.3.0:18:5
MERGED from com.google.android.gms:play-services-basement:8.3.0:18:5
MERGED from com.android.support:support-v4:23.1.0:20:5
MERGED from com.google.android.gms:play-services-games:8.3.0:18:5
MERGED from com.google.android.gms:play-services-base:8.3.0:18:5
MERGED from com.google.android.gms:play-services-basement:8.3.0:18:5
MERGED from com.android.support:support-v4:23.1.0:20:5
MERGED from com.google.android.gms:play-services-drive:8.3.0:18:5
MERGED from com.google.android.gms:play-services-base:8.3.0:18:5
MERGED from com.google.android.gms:play-services-basement:8.3.0:18:5
MERGED from com.android.support:support-v4:23.1.0:20:5
MERGED from com.google.android.gms:play-services-gcm:8.3.0:18:5
MERGED from com.google.android.gms:play-services-base:8.3.0:18:5
MERGED from com.google.android.gms:play-services-basement:8.3.0:18:5
MERGED from com.android.support:support-v4:23.1.0:20:5
MERGED from com.google.android.gms:play-services-measurement:8.3.0:18:5
MERGED from com.google.android.gms:play-services-basement:8.3.0:18:5
MERGED from com.android.support:support-v4:23.1.0:20:5
MERGED from com.google.android.gms:play-services-identity:8.3.0:18:5
MERGED from com.google.android.gms:play-services-base:8.3.0:18:5
MERGED from com.google.android.gms:play-services-basement:8.3.0:18:5
MERGED from com.android.support:support-v4:23.1.0:20:5
MERGED from com.google.android.gms:play-services-location:8.3.0:18:5
MERGED from com.google.android.gms:play-services-base:8.3.0:18:5
MERGED from com.google.android.gms:play-services-basement:8.3.0:18:5
MERGED from com.android.support:support-v4:23.1.0:20:5
MERGED from com.google.android.gms:play-services-maps:8.3.0:26:5
MERGED from com.google.android.gms:play-services-base:8.3.0:18:5
MERGED from com.google.android.gms:play-services-basement:8.3.0:18:5
MERGED from com.android.support:support-v4:23.1.0:20:5
MERGED from com.google.android.gms:play-services-maps:8.3.0:26:5
MERGED from com.google.android.gms:play-services-base:8.3.0:18:5
MERGED from com.google.android.gms:play-services-basement:8.3.0:18:5
MERGED from com.android.support:support-v4:23.1.0:20:5
MERGED from com.google.android.gms:play-services-measurement:8.3.0:18:5
MERGED from com.google.android.gms:play-services-basement:8.3.0:18:5
MERGED from com.android.support:support-v4:23.1.0:20:5
MERGED from com.google.android.gms:play-services-nearby:8.3.0:18:5
MERGED from com.google.android.gms:play-services-base:8.3.0:18:5
MERGED from com.google.android.gms:play-services-basement:8.3.0:18:5
MERGED from com.android.support:support-v4:23.1.0:20:5
MERGED from com.google.android.gms:play-services-panorama:8.3.0:18:5
MERGED from com.google.android.gms:play-services-base:8.3.0:18:5
MERGED from com.google.android.gms:play-services-basement:8.3.0:18:5
MERGED from com.android.support:support-v4:23.1.0:20:5
MERGED from com.google.android.gms:play-services-plus:8.3.0:18:5
MERGED from com.google.android.gms:play-services-base:8.3.0:18:5
MERGED from com.google.android.gms:play-services-basement:8.3.0:18:5
MERGED from com.android.support:support-v4:23.1.0:20:5
MERGED from com.google.android.gms:play-services-safetynet:8.3.0:18:5
MERGED from com.google.android.gms:play-services-base:8.3.0:18:5
MERGED from com.google.android.gms:play-services-basement:8.3.0:18:5
MERGED from com.android.support:support-v4:23.1.0:20:5
MERGED from com.google.android.gms:play-services-vision:8.3.0:4:5
MERGED from com.google.android.gms:play-services-base:8.3.0:18:5
MERGED from com.google.android.gms:play-services-basement:8.3.0:18:5
MERGED from com.android.support:support-v4:23.1.0:20:5
MERGED from com.google.android.gms:play-services-wallet:8.3.0:19:5
MERGED from com.google.android.gms:play-services-base:8.3.0:18:5
MERGED from com.google.android.gms:play-services-basement:8.3.0:18:5
MERGED from com.android.support:support-v4:23.1.0:20:5
MERGED from com.google.android.gms:play-services-identity:8.3.0:18:5
MERGED from com.google.android.gms:play-services-base:8.3.0:18:5
MERGED from com.google.android.gms:play-services-basement:8.3.0:18:5
MERGED from com.android.support:support-v4:23.1.0:20:5
MERGED from com.google.android.gms:play-services-maps:8.3.0:26:5
MERGED from com.google.android.gms:play-services-base:8.3.0:18:5
MERGED from com.google.android.gms:play-services-basement:8.3.0:18:5
MERGED from com.android.support:support-v4:23.1.0:20:5
MERGED from com.google.android.gms:play-services-wearable:8.3.0:18:5
MERGED from com.google.android.gms:play-services-base:8.3.0:18:5
MERGED from com.google.android.gms:play-services-basement:8.3.0:18:5
MERGED from com.android.support:support-v4:23.1.0:20:5
MERGED from com.google.android.gms:play-services-gcm:8.3.0:18:5
MERGED from com.google.android.gms:play-services-base:8.3.0:18:5
MERGED from com.google.android.gms:play-services-basement:8.3.0:18:5
MERGED from com.android.support:support-v4:23.1.0:20:5
MERGED from com.google.android.gms:play-services-measurement:8.3.0:18:5
MERGED from com.google.android.gms:play-services-basement:8.3.0:18:5
MERGED from com.android.support:support-v4:23.1.0:20:5
MERGED from com.google.android.gms:play-services-location:8.3.0:18:5
MERGED from com.google.android.gms:play-services-base:8.3.0:18:5
MERGED from com.google.android.gms:play-services-basement:8.3.0:18:5
MERGED from com.android.support:support-v4:23.1.0:20:5
MERGED from com.google.android.gms:play-services-maps:8.3.0:26:5
MERGED from com.google.android.gms:play-services-base:8.3.0:18:5
MERGED from com.google.android.gms:play-services-basement:8.3.0:18:5
MERGED from com.android.support:support-v4:23.1.0:20:5
MERGED from BDTube:pullToRefreshLibrary:unspecified:7:5
MERGED from com.mcxiaoke.volley:library-aar:1.0.0:3:5
	android:targetSdkVersion
		INJECTED from AndroidManifest.xml:0:0
		INJECTED from AndroidManifest.xml:0:0
	android:minSdkVersion
		INJECTED from AndroidManifest.xml:0:0
		INJECTED from AndroidManifest.xml:0:0
activity#com.google.android.gms.ads.AdActivity
ADDED from com.google.android.gms:play-services-ads:8.3.0:26:9
	android:configChanges
		ADDED from com.google.android.gms:play-services-ads:8.3.0:28:13
	android:theme
		ADDED from com.google.android.gms:play-services-ads:8.3.0:29:13
	android:name
		ADDED from com.google.android.gms:play-services-ads:8.3.0:27:13
activity#com.google.android.gms.ads.purchase.InAppPurchaseActivity
ADDED from com.google.android.gms:play-services-ads:8.3.0:30:9
	android:theme
		ADDED from com.google.android.gms:play-services-ads:8.3.0:31:13
	android:name
		ADDED from com.google.android.gms:play-services-ads:8.3.0:30:19
meta-data#com.google.android.gms.version
ADDED from com.google.android.gms:play-services-basement:8.3.0:21:9
MERGED from com.google.android.gms:play-services-basement:8.3.0:21:9
MERGED from com.google.android.gms:play-services-basement:8.3.0:21:9
MERGED from com.google.android.gms:play-services-basement:8.3.0:21:9
MERGED from com.google.android.gms:play-services-basement:8.3.0:21:9
MERGED from com.google.android.gms:play-services-basement:8.3.0:21:9
MERGED from com.google.android.gms:play-services-basement:8.3.0:21:9
MERGED from com.google.android.gms:play-services-basement:8.3.0:21:9
MERGED from com.google.android.gms:play-services-basement:8.3.0:21:9
MERGED from com.google.android.gms:play-services-basement:8.3.0:21:9
MERGED from com.google.android.gms:play-services-basement:8.3.0:21:9
MERGED from com.google.android.gms:play-services-basement:8.3.0:21:9
MERGED from com.google.android.gms:play-services-basement:8.3.0:21:9
MERGED from com.google.android.gms:play-services-basement:8.3.0:21:9
MERGED from com.google.android.gms:play-services-basement:8.3.0:21:9
MERGED from com.google.android.gms:play-services-basement:8.3.0:21:9
MERGED from com.google.android.gms:play-services-basement:8.3.0:21:9
MERGED from com.google.android.gms:play-services-basement:8.3.0:21:9
MERGED from com.google.android.gms:play-services-basement:8.3.0:21:9
MERGED from com.google.android.gms:play-services-basement:8.3.0:21:9
MERGED from com.google.android.gms:play-services-basement:8.3.0:21:9
MERGED from com.google.android.gms:play-services-basement:8.3.0:21:9
MERGED from com.google.android.gms:play-services-basement:8.3.0:21:9
MERGED from com.google.android.gms:play-services-basement:8.3.0:21:9
MERGED from com.google.android.gms:play-services-basement:8.3.0:21:9
MERGED from com.google.android.gms:play-services-basement:8.3.0:21:9
MERGED from com.google.android.gms:play-services-basement:8.3.0:21:9
MERGED from com.google.android.gms:play-services-basement:8.3.0:21:9
MERGED from com.google.android.gms:play-services-basement:8.3.0:21:9
MERGED from com.google.android.gms:play-services-basement:8.3.0:21:9
MERGED from com.google.android.gms:play-services-basement:8.3.0:21:9
MERGED from com.google.android.gms:play-services-basement:8.3.0:21:9
MERGED from com.google.android.gms:play-services-basement:8.3.0:21:9
MERGED from com.google.android.gms:play-services-basement:8.3.0:21:9
MERGED from com.google.android.gms:play-services-basement:8.3.0:21:9
	android:value
		ADDED from com.google.android.gms:play-services-basement:8.3.0:23:13
	android:name
		ADDED from com.google.android.gms:play-services-basement:8.3.0:22:13
activity#com.google.android.gms.auth.api.signin.internal.SignInHubActivity
ADDED from com.google.android.gms:play-services-auth:8.3.0:21:9
	android:excludeFromRecents
		ADDED from com.google.android.gms:play-services-auth:8.3.0:23:19
	android:exported
		ADDED from com.google.android.gms:play-services-auth:8.3.0:24:19
	android:theme
		ADDED from com.google.android.gms:play-services-auth:8.3.0:22:19
	android:name
		ADDED from com.google.android.gms:play-services-auth:8.3.0:21:19
uses-feature#0x00020000
ADDED from com.google.android.gms:play-services-maps:8.3.0:22:5
MERGED from com.google.android.gms:play-services-maps:8.3.0:22:5
MERGED from com.google.android.gms:play-services-maps:8.3.0:22:5
MERGED from com.google.android.gms:play-services-maps:8.3.0:22:5
MERGED from com.google.android.gms:play-services-maps:8.3.0:22:5
	android:glEsVersion
		ADDED from com.google.android.gms:play-services-maps:8.3.0:23:8
	android:required
		ADDED from com.google.android.gms:play-services-maps:8.3.0:24:8
uses-permission#com.google.android.c2dm.permission.RECEIVE
ADDED from com.google.android.gms:play-services-gcm:8.3.0:21:5
MERGED from com.google.android.gms:play-services-gcm:8.3.0:21:5
	android:name
		ADDED from com.google.android.gms:play-services-gcm:8.3.0:21:22
provider#com.google.android.gms.measurement.AppMeasurementContentProvider
ADDED from com.google.android.gms:play-services-measurement:8.3.0:28:7
MERGED from com.google.android.gms:play-services-measurement:8.3.0:28:7
MERGED from com.google.android.gms:play-services-measurement:8.3.0:28:7
	android:authorities
		ADDED from com.google.android.gms:play-services-measurement:8.3.0:29:11
	android:exported
		ADDED from com.google.android.gms:play-services-measurement:8.3.0:31:11
	android:name
		ADDED from com.google.android.gms:play-services-measurement:8.3.0:30:11
receiver#com.google.android.gms.measurement.AppMeasurementReceiver
ADDED from com.google.android.gms:play-services-measurement:8.3.0:33:7
MERGED from com.google.android.gms:play-services-measurement:8.3.0:33:7
MERGED from com.google.android.gms:play-services-measurement:8.3.0:33:7
	android:enabled
		ADDED from com.google.android.gms:play-services-measurement:8.3.0:35:11
	android:name
		ADDED from com.google.android.gms:play-services-measurement:8.3.0:34:11
intent-filter#com.google.android.gms.measurement.UPLOAD
ADDED from com.google.android.gms:play-services-measurement:8.3.0:36:9
action#com.google.android.gms.measurement.UPLOAD
ADDED from com.google.android.gms:play-services-measurement:8.3.0:37:11
	android:name
		ADDED from com.google.android.gms:play-services-measurement:8.3.0:37:19
service#com.google.android.gms.measurement.AppMeasurementService
ADDED from com.google.android.gms:play-services-measurement:8.3.0:41:7
MERGED from com.google.android.gms:play-services-measurement:8.3.0:41:7
MERGED from com.google.android.gms:play-services-measurement:8.3.0:41:7
	android:enabled
		ADDED from com.google.android.gms:play-services-measurement:8.3.0:43:11
	android:exported
		ADDED from com.google.android.gms:play-services-measurement:8.3.0:44:11
	android:name
		ADDED from com.google.android.gms:play-services-measurement:8.3.0:42:11
uses-permission#android.permission.USE_CREDENTIALS
ADDED from com.google.android.gms:play-services-wallet:8.3.0:22:5
	android:name
		ADDED from com.google.android.gms:play-services-wallet:8.3.0:22:22